This is pdfTeX, Version 3.141592653-2.6-1.40.25 (TeX Live 2023) (preloaded format=pdflatex 2023.10.23)  28 AUG 2024 02:42
entering extended mode
 restricted \write18 enabled.
 %&-line parsing enabled.
**Rjournal.sty
(./Rjournal.sty
LaTeX2e <2023-06-01> patch level 1
L3 programming layer <2023-10-10>

LaTeX Warning: You have requested package `',
               but the package provides `RJournal'.

Package: RJournal 2013/08/27 v0.13 RJournal package

! LaTeX Error: File `tikz.sty' not found.

Type X to quit or <RETURN> to proceed,
or enter new name. (Default extension: sty)

Enter file name: 
! Emergency stop.
<read *> 
         
l.18 ^^M
        
*** (cannot \read from terminal in nonstop modes)

 
Here is how much of TeX's memory you used:
 24 strings out of 476464
 464 string characters out of 5801127
 1920040 words of memory out of 5000000
 21842 multiletter control sequences out of 15000+600000
 558069 words of font info for 36 fonts, out of 8000000 for 9000
 14 hyphenation exceptions out of 8191
 19i,0n,29p,96b,17s stack positions out of 10000i,1000n,20000p,200000b,200000s
!  ==> Fatal error occurred, no output PDF file produced!
